
                                      ARENA Simulation Results
                              markdbruner@gmail.com - License: STUDENT

                                  Summary for Replication 1 of 1

Project: Widgets by Bucky                                            Run execution date : 4/ 2/2021
Analyst: Jim Morris                                                  Model revision date: 4/ 2/2021

Replication ended at time      : 119.9999 Days 
Base Time Units: Days

                                           TALLY VARIABLES

Identifier                                  Average   Half Width  Minimum    Maximum   Observations
___________________________________________________________________________________________________

Inventory Evaluator.VATime                      --         --         --         --          0
Inventory Evaluator.NVATime                     --         --         --         --          0
Inventory Evaluator.WaitTime                    --         --         --         --          0
Inventory Evaluator.TranTime                    --         --         --         --          0
Inventory Evaluator.OtherTime                   --         --         --         --          0
Inventory Evaluator.TotalTime                   --         --         --         --          0
Customer.VATime                                 --         --         --         --          0
Customer.NVATime                                --         --         --         --          0
Customer.WaitTime                               --         --         --         --          0
Customer.TranTime                               --         --         --         --          0
Customer.OtherTime                              --         --         --         --          0
Customer.TotalTime                              --         --         --         --          0

                                     DISCRETE-CHANGE VARIABLES

Identifier                                  Average   Half Width  Minimum    Maximum   Final Value
___________________________________________________________________________________________________

Shortage Cost                               17.026     4.1950     .00000     200.00     .00000    
Holding Cost                                9.3701     (Corr)     .00000     60.000     18.000    
Inventory Evaluator.WIP                     .57835     (Insuf)    .00000     1.0000     .00000    
Customer.WIP                                .00000     (Insuf)    .00000     1.0000     .00000    

                                             OUTPUTS

Identifier                                   Value
_____________________________________________________________

Avg Ordering Cost                           100.39    
Avg Total Cost                              126.78    
Inventory Evaluator.NumberIn                120.00    
Inventory Evaluator.NumberOut               120.00    
Customer.NumberIn                           1232.0    
Customer.NumberOut                          1232.0    
System.NumberOut                            .00000    


Simulation run time: 0.02 minutes.
Simulation run complete.
